*** Starting uWSGI 2.0.20 (64bit) on [Mon Aug 22 20:50:43 2022] ***
compiled with version: 8.5.0 20210514 (Red Hat 8.5.0-4) on 21 August 2022 11:16:54
os: Linux-4.18.0-348.7.1.el8_5.x86_64 #1 SMP Wed Dec 22 13:25:12 UTC 2021
nodename: VM-4-3-centos
machine: x86_64
clock source: unix
pcre jit disabled
detected number of CPU cores: 4
current working directory: /home/gq.liu/django/djangoforlinux/mysite
detected binary path: /usr/local/bin/uwsgi
uWSGI running as root, you can use --uid/--gid/--chroot options
*** WARNING: you are running uWSGI as root !!! (use the --uid flag) *** 
chdir() to /home/gq.liu/django/djangoforlinux/
your processes number limit is 29673
your memory page size is 4096 bytes
detected max file descriptor number: 100001
lock engine: pthread robust mutexes
thunder lock: disabled (you can enable it with --thunder-lock)
uwsgi socket 0 bound to TCP address 127.0.0.1:8000 fd 9
uWSGI running as root, you can use --uid/--gid/--chroot options
*** WARNING: you are running uWSGI as root !!! (use the --uid flag) *** 
Python version: 3.6.8 (default, Sep 10 2021, 09:13:53)  [GCC 8.5.0 20210514 (Red Hat 8.5.0-3)]
Python main interpreter initialized at 0x1b43770
uWSGI running as root, you can use --uid/--gid/--chroot options
*** WARNING: you are running uWSGI as root !!! (use the --uid flag) *** 
python threads support enabled
your server socket listen backlog is limited to 100 connections
your mercy for graceful operations on workers is 60 seconds
mapped 507960 bytes (496 KB) for 4 cores
*** Operational MODE: preforking ***
uWSGI running as root, you can use --uid/--gid/--chroot options
*** WARNING: you are running uWSGI as root !!! (use the --uid flag) *** 
*** uWSGI is running in multiple interpreter mode ***
spawned uWSGI master process (pid: 3080433)
spawned uWSGI worker 1 (pid: 3080434, cores: 1)
spawned uWSGI worker 2 (pid: 3080435, cores: 1)
spawned uWSGI worker 3 (pid: 3080436, cores: 1)
spawned uWSGI worker 4 (pid: 3080437, cores: 1)
Python auto-reloader enabled
WSGI app 0 (mountpoint='') ready in 0 seconds on interpreter 0x1b43770 pid: 3080437 (default app)
WSGI app 0 (mountpoint='') ready in 0 seconds on interpreter 0x1b43770 pid: 3080434 (default app)
WSGI app 0 (mountpoint='') ready in 0 seconds on interpreter 0x1b43770 pid: 3080436 (default app)
WSGI app 0 (mountpoint='') ready in 0 seconds on interpreter 0x1b43770 pid: 3080435 (default app)
[uwsgi-python-reloader] module/file ./mysite/settings.py has been modified
...gracefully killing workers...
Gracefully killing worker 1 (pid: 3080434)...
Gracefully killing worker 2 (pid: 3080435)...
Gracefully killing worker 4 (pid: 3080437)...
Gracefully killing worker 3 (pid: 3080436)...
worker 1 buried after 1 seconds
worker 2 buried after 1 seconds
worker 3 buried after 1 seconds
worker 4 buried after 1 seconds
binary reloading uWSGI...
chdir() to /home/gq.liu/django/djangoforlinux/mysite
closing all non-uwsgi socket fds > 2 (max_fd = 100001)...
found fd 9 mapped to socket 0 (127.0.0.1:8000)
running /usr/local/bin/uwsgi
[uWSGI] getting INI configuration from uwsgi.ini
*** Starting uWSGI 2.0.20 (64bit) on [Mon Aug 22 20:57:38 2022] ***
compiled with version: 8.5.0 20210514 (Red Hat 8.5.0-4) on 21 August 2022 11:16:54
os: Linux-4.18.0-348.7.1.el8_5.x86_64 #1 SMP Wed Dec 22 13:25:12 UTC 2021
nodename: VM-4-3-centos
machine: x86_64
clock source: unix
pcre jit disabled
detected number of CPU cores: 4
current working directory: /home/gq.liu/django/djangoforlinux/mysite
detected binary path: /usr/local/bin/uwsgi
uWSGI running as root, you can use --uid/--gid/--chroot options
*** WARNING: you are running uWSGI as root !!! (use the --uid flag) *** 
chdir() to /home/gq.liu/django/djangoforlinux/
your processes number limit is 29673
your memory page size is 4096 bytes
detected max file descriptor number: 100001
lock engine: pthread robust mutexes
thunder lock: disabled (you can enable it with --thunder-lock)
uwsgi socket 0 inherited INET address 127.0.0.1:8000 fd 9
uWSGI running as root, you can use --uid/--gid/--chroot options
*** WARNING: you are running uWSGI as root !!! (use the --uid flag) *** 
Python version: 3.6.8 (default, Sep 10 2021, 09:13:53)  [GCC 8.5.0 20210514 (Red Hat 8.5.0-3)]
Python main interpreter initialized at 0xe9d660
uWSGI running as root, you can use --uid/--gid/--chroot options
*** WARNING: you are running uWSGI as root !!! (use the --uid flag) *** 
python threads support enabled
your server socket listen backlog is limited to 100 connections
your mercy for graceful operations on workers is 60 seconds
mapped 507960 bytes (496 KB) for 4 cores
*** Operational MODE: preforking ***
uWSGI running as root, you can use --uid/--gid/--chroot options
*** WARNING: you are running uWSGI as root !!! (use the --uid flag) *** 
*** uWSGI is running in multiple interpreter mode ***
gracefully (RE)spawned uWSGI master process (pid: 3080433)
spawned uWSGI worker 1 (pid: 3081840, cores: 1)
spawned uWSGI worker 2 (pid: 3081841, cores: 1)
spawned uWSGI worker 3 (pid: 3081842, cores: 1)
spawned uWSGI worker 4 (pid: 3081843, cores: 1)
Python auto-reloader enabled
WSGI app 0 (mountpoint='') ready in 0 seconds on interpreter 0xe9d660 pid: 3081841 (default app)
WSGI app 0 (mountpoint='') ready in 0 seconds on interpreter 0xe9d660 pid: 3081840 (default app)
WSGI app 0 (mountpoint='') ready in 0 seconds on interpreter 0xe9d660 pid: 3081842 (default app)
WSGI app 0 (mountpoint='') ready in 0 seconds on interpreter 0xe9d660 pid: 3081843 (default app)
*** Starting uWSGI 2.0.20 (64bit) on [Mon Aug 22 23:57:05 2022] ***
compiled with version: 8.5.0 20210514 (Red Hat 8.5.0-4) on 21 August 2022 11:16:54
os: Linux-4.18.0-348.7.1.el8_5.x86_64 #1 SMP Wed Dec 22 13:25:12 UTC 2021
nodename: VM-4-3-centos
machine: x86_64
clock source: unix
pcre jit disabled
detected number of CPU cores: 4
current working directory: /home/gq.liu/django/djangoforlinux/mysite
detected binary path: /usr/local/bin/uwsgi
uWSGI running as root, you can use --uid/--gid/--chroot options
*** WARNING: you are running uWSGI as root !!! (use the --uid flag) *** 
chdir() to /home/gq.liu/django/djangoforlinux/
your processes number limit is 29673
your memory page size is 4096 bytes
detected max file descriptor number: 100001
lock engine: pthread robust mutexes
thunder lock: disabled (you can enable it with --thunder-lock)
probably another instance of uWSGI is running on the same address (127.0.0.1:8000).
bind(): Address already in use [core/socket.c line 769]
Not Found: /favicon.ico
Not Found: /favicon.ico
Not Found: /
Not Found: /
Not Found: /.env
Not Found: /
Not Found: /
Invalid HTTP_HOST header: 'passport.baidu.com:80'. You may need to add 'passport.baidu.com' to ALLOWED_HOSTS.
Bad Request: /
Not Found: /.env
Not Found: /
Not Found: /
Invalid HTTP_HOST header: 'www.baidu.com'. You may need to add 'www.baidu.com' to ALLOWED_HOSTS.
Bad Request: /cache/global/img/gs.gif
Not Found: /
Not Found: /
Not Found: /favicon.ico
Not Found: /boaform/admin/formLogin
Not Found: /
Not Found: /
Not Found: /
Not Found: /
Not Found: /favicon.ico
Not Found: /.git/config
Not Found: /
Not Found: /
Not Found: /
Not Found: /
Not Found: /favicon.ico
Not Found: /
Not Found: /
Not Found: /
Not Found: /favicon.ico
Not Found: /cdn-cgi/trace
Not Found: /cdn-cgi/trace
Not Found: /
